2026-04-04 11:48:05,505 [INFO] >>> STEP: Data Loader
2026-04-04 11:48:05,505 [INFO] === DATA LOADER v1 — Actor 3 Sécurité ===
2026-04-04 11:48:05,549 [INFO] Loaded facts → shape: (20650, 27)
2026-04-04 11:48:05,553 [INFO] Dedup removed 18585 rows → 2065 remain
2026-04-04 11:48:05,554 [INFO] Dropped 154 phantom-zone rows → 1911 remain
2026-04-04 11:48:05,600 [INFO] After ⊕ dim_temps → shape: (1911, 14)
2026-04-04 11:48:05,603 [INFO] After ⊕ dim_zone → shape: (1911, 17)
2026-04-04 11:48:05,607 [INFO] Rows with accidents>0: 191 (10.0%)
2026-04-04 11:48:05,607 [INFO] Rows with graves>0:    28
2026-04-04 11:48:05,607 [INFO] Rows with mortels>0:   0
2026-04-04 11:48:05,608 [INFO] Final clean shape: (1911, 17)
2026-04-04 11:48:05,609 [INFO] No nulls in clean DataFrame.
2026-04-04 11:48:05,610 [INFO]     ✅ Data Loader — 0.1s
2026-04-04 11:48:05,611 [INFO] >>> STEP: Feature Engineering
2026-04-04 11:48:05,611 [INFO] === FEATURE ENGINEERING v1 — Actor 3 Sécurité ===
2026-04-04 11:48:05,612 [INFO] nb_mortels > 0 samples: 0
2026-04-04 11:48:05,612 [WARNING] nb_mortels > 0 rows (0) < threshold (40). Merging class 2 (mortel) into class 1 (grave/serious). MODEL IS BINARY: 0=none, 1=serious (grave OR mortel). This avoids training on near-empty classes — documented for the professor.
2026-04-04 11:48:05,615 [INFO] severity_class distribution (2 classes): {0: np.int64(1883), 1: np.int64(28)}
2026-04-04 11:48:05,621 [INFO] Feature engineering complete. df_ml: (1911, 24)  df_zone: (10, 11)
2026-04-04 11:48:05,621 [INFO] New columns: ['severity_class', 'severity_label', 'gravite_index', 'zone_encoded', 'mode_encoded', 'has_accident', 'crime_rate_scaled']
2026-04-04 11:48:05,621 [INFO]     ✅ Feature Engineering — 0.0s
2026-04-04 11:48:06,797 [INFO] >>> STEP: Classification (Severity)
2026-04-04 11:48:06,797 [INFO] === CLASSIFICATION — Accident Severity (Random Forest) ===
2026-04-04 11:48:06,798 [INFO] Classification set: 1911 rows  (0 dropped for NaN)
2026-04-04 11:48:06,799 [INFO] Classes: [0, 1]  |  distribution: {np.int64(0): np.int64(1883), np.int64(1): np.int64(28)}
2026-04-04 11:48:06,800 [INFO] Running 5-fold Stratified CV...
2026-04-04 11:48:08,641 [INFO] CV F1-macro: 1.0000 ± 0.0000
2026-04-04 11:48:09,533 [INFO] [Test fold] F1-macro=1.0000  F1-weighted=1.0000  AUC=1.0000
2026-04-04 11:48:09,534 [INFO] Confusion matrix: [[376, 0], [0, 6]]
2026-04-04 11:48:09,953 [INFO] Model & plots saved → outputs/
2026-04-04 11:48:09,959 [INFO] Report saved → outputs/classification_report.json
2026-04-04 11:48:09,959 [INFO]     ✅ Classification (Severity) — 3.2s
2026-04-04 11:48:09,988 [INFO] >>> STEP: Clustering (Zone Risk)
2026-04-04 11:48:09,988 [INFO] === CLUSTERING — Zone Risk Profiles (K-Means k=3) ===
2026-04-04 11:48:09,990 [INFO] Clustering 10 zones on 5 features: ['nb_accidents', 'nb_graves', 'volume_crimes', 'taux_criminalite', 'usagers_vulnerables']
2026-04-04 11:48:11,872 [INFO] k=3  Silhouette=0.2419  Inertia=20.6916
2026-04-04 11:48:11,874 [INFO] Cluster labels: {0: 'Low risk', 1: 'High risk', 2: 'Medium risk'}
2026-04-04 11:48:11,877 [INFO] Cluster composition:
 zone_sk  risk_cluster_id  risk_level
       1                2 Medium risk
       2                0    Low risk
       3                1   High risk
       4                2 Medium risk
       5                0    Low risk
       6                0    Low risk
       7                2 Medium risk
       8                0    Low risk
       9                1   High risk
      10                1   High risk
2026-04-04 11:48:12,077 [INFO] Saved → outputs/risk_zone_clusters.csv
2026-04-04 11:48:12,085 [INFO]     ✅ Clustering (Zone Risk) — 2.1s
2026-04-04 11:48:12,091 [INFO] >>> STEP: Anomaly Detection
2026-04-04 11:48:12,091 [INFO] === ANOMALY DETECTION — Isolation Forest (contamination=5%) ===
2026-04-04 11:48:12,092 [INFO] Anomaly detection set: 1911 rows  features: ['volume_crimes', 'nb_accidents', 'taux_criminalite', 'zone_sk', 'mois']
2026-04-04 11:48:12,472 [INFO] Anomalies detected: 96 (5.0%)
2026-04-04 11:48:12,474 [INFO] Precision@96: 0.375  (36/96 flagged anomalies in known high-risk periods/zones)
2026-04-04 11:48:12,906 [INFO] Saved anomaly_flags.csv (1911 rows, 96 alerts)
2026-04-04 11:48:12,909 [INFO]     ✅ Anomaly Detection — 0.8s
2026-04-04 11:48:12,910 [INFO] >>> STEP: Evaluation
2026-04-04 11:48:12,910 [INFO] Starting central evaluation for Actor 3...
2026-04-04 11:48:12,994 [INFO] [Classification] CV F1-macro=1.0
2026-04-04 11:48:13,000 [INFO] [Clustering] k=3  Silhouette=0.2419
2026-04-04 11:48:13,017 [INFO] [Anomaly] 96/1911 anomalies (5.0%)
2026-04-04 11:48:13,017 [INFO] [KPIs] Densité accidents=19.9  Indice gravité=0.1407
2026-04-04 11:48:13,019 [INFO] Evaluation complete. Report saved → outputs/metrics_report.json
2026-04-04 11:48:13,020 [INFO]     ✅ Evaluation — 0.1s
2026-04-04 11:48:13,020 [INFO] >>> STEP: Export Predictions
2026-04-04 11:48:13,020 [INFO] === EXPORT PREDICTIONS — Actor 3 ===
2026-04-04 11:48:13,272 [INFO]   ✅ outputs/severity_predictions.csv  (1911 rows)
2026-04-04 11:48:13,274 [INFO]   ✅ outputs/risk_zone_clusters.csv (10 zones)
2026-04-04 11:48:13,280 [INFO]   ✅ outputs/anomaly_flags.csv (1911 rows, 96 alerts)
2026-04-04 11:48:13,280 [INFO] Export complete.
2026-04-04 11:48:13,281 [INFO]     ✅ Export Predictions — 0.3s
