2026-04-04 10:56:14,823 [INFO] >>> STEP: Data Loader
2026-04-04 10:56:14,824 [INFO] === DATA LOADER v1 — Actor 2 Mobilités ===
2026-04-04 10:56:14,836 [INFO] Loaded facts → shape: (4389, 19)
2026-04-04 10:56:14,891 [INFO] Loaded dim_temps → shape: (35063, 10)
2026-04-04 10:56:14,897 [INFO] After fact ⊕ dim_temps merge → shape: (4389, 28)
2026-04-04 10:56:14,902 [INFO] annule: pos=78 (1.78%)  neg=4311  total=4389
2026-04-04 10:56:14,905 [INFO] Null counts after load:
stress_1_5    131
2026-04-04 10:56:14,905 [INFO] Final clean shape: (4389, 19)
2026-04-04 10:56:14,908 [INFO]     ✅ Data Loader — 0.1s
2026-04-04 10:56:14,909 [INFO] >>> STEP: Feature Engineering
2026-04-04 10:56:14,909 [INFO] === FEATURE ENGINEERING v1 — Actor 2 Mobilités ===
2026-04-04 10:56:14,917 [INFO] Imputed 'stress_1_5': 131 → 0 nulls
2026-04-04 10:56:14,934 [INFO] Class imbalance: pos=78 neg=4311 → scale_pos_weight=55.27
2026-04-04 10:56:14,959 [INFO] Feature engineering complete. df_ml: (4389, 27)  df_ts: (4388, 3)
2026-04-04 10:56:14,960 [INFO]     ✅ Feature Engineering — 0.1s
2026-04-04 10:56:16,232 [INFO] >>> STEP: Regression (Passenger Load)
2026-04-04 10:56:16,232 [INFO] === REGRESSION — Passenger Load (charge_estimee) ===
2026-04-04 10:56:16,234 [INFO] Regression set: 4389 rows (0 dropped for NaN)
2026-04-04 10:56:16,236 [INFO] Split: train=3511  test=878
2026-04-04 10:56:16,249 [WARNING] Missing features (skipped): {'weekend_x_zone', 'zone_hour_charge', 'line_charge_mean', 'hour_x_congestion'}
2026-04-04 10:56:16,249 [INFO] Training on 9 features: ['zone_encoded', 'line_encoded', 'mode_encoded', 'hour', 'rush_hour', 'is_weekend', 'congestion_index', 'vitesse_kmh', 'temps_trajet_min']
2026-04-04 10:56:16,250 [INFO] 5-Fold CV on training set...
2026-04-04 10:56:18,781 [INFO] CV RMSE: 21.92 ± 0.84
2026-04-04 10:56:19,041 [INFO] [TEST] RMSE=20.30  MAE=16.12  R²=-0.1130
2026-04-04 10:56:19,053 [INFO] Model & encoding saved → outputs/xgboost_charge.pkl
2026-04-04 10:56:19,424 [INFO] Plots saved → outputs/
2026-04-04 10:56:19,425 [INFO]     ✅ Regression (Passenger Load) — 3.2s
2026-04-04 10:56:19,426 [INFO] >>> STEP: Classification (Cancellation)
2026-04-04 10:56:19,426 [INFO] === CLASSIFICATION — Trip Cancellation Risk ===
2026-04-04 10:56:19,427 [INFO] Classification set: 4389 rows
2026-04-04 10:56:19,432 [INFO] Split: train=3511 test=878
2026-04-04 10:56:19,433 [INFO] scale_pos_weight = 55.63  (pos=62 neg=3449)
2026-04-04 10:56:19,749 [INFO] Classification training complete.
2026-04-04 10:56:19,766 [INFO] [TEST @ 0.50] AUC=0.5189  F1=0.0000  Precision=0.0000  Recall=0.0000
2026-04-04 10:56:19,766 [INFO] Confusion matrix (TN,FP / FN,TP): [[849, 13], [16, 0]]
2026-04-04 10:56:19,768 [INFO] Best F1=0.0492 at threshold=0.047
2026-04-04 10:56:19,783 [INFO] Model saved → outputs/xgboost_cancellation.pkl
2026-04-04 10:56:20,155 [INFO] Plots saved → outputs/
2026-04-04 10:56:20,157 [INFO]     ✅ Classification (Cancellation) — 0.7s
2026-04-04 10:56:20,158 [INFO] >>> STEP: Prophet Congestion Forecast
2026-04-04 10:56:20,158 [INFO] === PROPHET — Daily Congestion Forecast ===
2026-04-04 10:56:20,236 [ERROR] Importing plotly failed. Interactive plots will not work.
2026-04-04 10:56:20,237 [INFO] Fitting Prophet for 10 zones  (horizon=30 days)...
2026-04-04 10:56:20,239 [INFO]   → Zone 1  (475 daily points)
2026-04-04 10:56:21,488 [INFO]     Best changepoint_scale=0.3  holdout MAE=1.0970
2026-04-04 10:56:21,851 [INFO]   → Zone 2  (430 daily points)
2026-04-04 10:56:22,935 [INFO]     Best changepoint_scale=0.3  holdout MAE=0.9529
2026-04-04 10:56:23,308 [INFO]   → Zone 3  (477 daily points)
2026-04-04 10:56:24,199 [INFO]     Best changepoint_scale=0.1  holdout MAE=0.7382
2026-04-04 10:56:24,585 [INFO]   → Zone 4  (414 daily points)
2026-04-04 10:56:25,531 [INFO]     Best changepoint_scale=0.3  holdout MAE=0.7033
2026-04-04 10:56:25,842 [INFO]   → Zone 5  (444 daily points)
2026-04-04 10:56:26,746 [INFO]     Best changepoint_scale=0.3  holdout MAE=1.1452
2026-04-04 10:56:27,150 [INFO]   → Zone 6  (467 daily points)
2026-04-04 10:56:28,062 [INFO]     Best changepoint_scale=0.1  holdout MAE=0.7556
2026-04-04 10:56:28,392 [INFO]   → Zone 7  (419 daily points)
2026-04-04 10:56:29,237 [INFO]     Best changepoint_scale=0.3  holdout MAE=0.9816
2026-04-04 10:56:29,563 [INFO]   → Zone 8  (415 daily points)
2026-04-04 10:56:30,465 [INFO]     Best changepoint_scale=0.1  holdout MAE=0.6724
2026-04-04 10:56:30,838 [INFO]   → Zone 9  (399 daily points)
2026-04-04 10:56:31,766 [INFO]     Best changepoint_scale=0.05  holdout MAE=0.8365
2026-04-04 10:56:32,072 [INFO]   → Zone 10  (448 daily points)
2026-04-04 10:56:33,061 [INFO]     Best changepoint_scale=0.1  holdout MAE=0.6887
2026-04-04 10:56:33,377 [INFO] Saved 4688 rows to outputs/forecast_congestion.csv (189 future rows)
2026-04-04 10:56:33,378 [INFO] Mean holdout MAE across zones: 0.8571
2026-04-04 10:56:33,378 [INFO]     ✅ Prophet Congestion Forecast — 13.2s
2026-04-04 10:56:33,382 [INFO] >>> STEP: Evaluation
2026-04-04 10:56:33,382 [INFO] Starting central evaluation for Actor 2...
2026-04-04 10:56:33,417 [INFO] [Regression] RMSE=20.30  MAE=16.12  R²=-0.1130
2026-04-04 10:56:33,463 [INFO] [Classification] AUC=0.5189  F1=0.0000  Precision=0.0000  Recall=0.0000
2026-04-04 10:56:33,477 [INFO] [Prophet] 10 zones, 4688 forecast rows
2026-04-04 10:56:33,477 [INFO] [KPI] Taux de Ponctualité = 98.2228%  (78/4389 cancelled)
2026-04-04 10:56:33,479 [INFO] Evaluation complete. Report saved → outputs/metrics_report.json
2026-04-04 10:56:33,481 [INFO]     ✅ Evaluation — 0.1s
2026-04-04 10:56:33,485 [INFO] >>> STEP: Export Predictions
2026-04-04 10:56:33,485 [INFO] === EXPORT PREDICTIONS — Actor 2 ===
2026-04-04 10:56:33,542 [INFO]   ✅ outputs/load_predictions.csv  (4389 rows)
2026-04-04 10:56:33,580 [INFO]   ✅ outputs/cancellation_risk.csv  (4389 rows)
2026-04-04 10:56:33,581 [INFO]      Risk distribution: {'Low': np.int64(3977), 'Medium': np.int64(304), 'High': np.int64(108)}
2026-04-04 10:56:33,587 [INFO]   ✅ outputs/forecast_congestion.csv already exists (4688 rows)
2026-04-04 10:56:33,587 [INFO] Export complete.
2026-04-04 10:56:33,588 [INFO]     ✅ Export Predictions — 0.1s
